C:\Program Files\Microsoft Visual Studio\2022\Community\MSBuild\Microsoft\VC\v170\Microsoft.CppBuild.targets(531,5): warning MSB8028: The intermediate directory (Debug\) contains files shared from another project (OpenGL.vcxproj).  This can lead to incorrect clean and rebuild behavior.
  Source.cpp
C:\Users\Krzysztof\source\repos\tic-tac-toe\GameObject.h(20,32): warning C4244: 'return': conversion from 'double' to 'int', possible loss of data
C:\Users\Krzysztof\source\repos\tic-tac-toe\GameObject.h(22,32): warning C4244: 'return': conversion from 'double' to 'int', possible loss of data
C:\Users\Krzysztof\source\repos\tic-tac-toe\Source.cpp(31,18): warning C4244: '=': conversion from 'double' to 'float', possible loss of data
C:\Users\Krzysztof\source\repos\tic-tac-toe\Source.cpp(35,64): warning C4244: '=': conversion from 'double' to 'float', possible loss of data
C:\Users\Krzysztof\source\repos\tic-tac-toe\Source.cpp(42,23): warning C4018: '<': signed/unsigned mismatch
C:\Users\Krzysztof\source\repos\tic-tac-toe\Source.cpp(47,52): warning C4244: 'argument': conversion from 'int' to 'const float', possible loss of data
C:\Users\Krzysztof\source\repos\tic-tac-toe\Source.cpp(47,106): warning C4244: 'argument': conversion from 'int' to 'const float', possible loss of data
C:\Users\Krzysztof\source\repos\tic-tac-toe\Source.cpp(48,55): warning C4244: 'argument': conversion from 'int' to 'const float', possible loss of data
C:\Users\Krzysztof\source\repos\tic-tac-toe\Source.cpp(48,136): warning C4244: 'argument': conversion from 'int' to 'const float', possible loss of data
C:\Users\Krzysztof\source\repos\tic-tac-toe\Source.cpp(49,55): warning C4244: 'argument': conversion from 'int' to 'const float', possible loss of data
C:\Users\Krzysztof\source\repos\tic-tac-toe\Source.cpp(49,133): warning C4244: 'argument': conversion from 'int' to 'const float', possible loss of data
C:\Users\Krzysztof\source\repos\tic-tac-toe\Source.cpp(50,53): warning C4244: 'argument': conversion from 'int' to 'const float', possible loss of data
C:\Users\Krzysztof\source\repos\tic-tac-toe\Source.cpp(50,103): warning C4244: 'argument': conversion from 'int' to 'const float', possible loss of data
C:\Users\Krzysztof\source\repos\tic-tac-toe\Source.cpp(105,31): warning C4018: '<': signed/unsigned mismatch
C:\Users\Krzysztof\source\repos\tic-tac-toe\Source.cpp(128,23): warning C4018: '<': signed/unsigned mismatch
C:\Users\Krzysztof\source\repos\tic-tac-toe\Source.cpp(219,45): warning C4244: 'argument': conversion from 'double' to 'int', possible loss of data
C:\Users\Krzysztof\source\repos\tic-tac-toe\Source.cpp(219,39): warning C4244: 'argument': conversion from 'double' to 'int', possible loss of data
  stb_image.cpp
  Texture.cpp
  VertexBuffer.cpp
  Generating Code...
LINK : warning LNK4098: defaultlib 'MSVCRT' conflicts with use of other libs; use /NODEFAULTLIB:library
LINK : warning LNK4098: defaultlib 'LIBCMT' conflicts with use of other libs; use /NODEFAULTLIB:library
glew32s.lib(glew.obj) : warning LNK4099: PDB '' was not found with 'glew32s.lib(glew.obj)' or at ''; linking object as if no debug info
  OpenGL.vcxproj -> C:\Users\Krzysztof\source\repos\tic-tac-toe\Debug\Arkanoid.exe
